<?xml version="1.0" encoding="UTF-8"?>
<!-- Generated by org.testng.reporters.JUnitReportReporter -->
<testsuite hostname="Yeshwanth-Kuruvilla" failures="0" tests="3" name="TestNG.HomeLoan" time="0.011" errors="0" timestamp="2025-01-24T11:35:41 IST" skipped="1">
  <testcase classname="TestNG.HomeLoan" name="homeLoanwebLogin" time="0.010"/>
  <system-out/>
  <testcase classname="TestNG.HomeLoan" name="homeLoanAPILogin" time="0.001"/>
  <system-out/>
  <testcase classname="TestNG.HomeLoan" name="homeLoanMobileLogin">
    <skipped/>
  </testcase> <!-- homeLoanMobileLogin -->
  <system-out/>
</testsuite> <!-- TestNG.HomeLoan -->
