<?xml version="1.0" encoding="UTF-8"?>
<!-- Generated by org.testng.reporters.JUnitReportReporter -->
<testsuite hostname="Yeshwanth-Kuruvilla" failures="0" tests="2" name="OOPS.ChildClass" time="0.015" errors="0" timestamp="2025-01-24T17:26:33 IST" skipped="0">
  <testcase classname="OOPS.ChildClass" name="testRun1" time="0.007"/>
  <system-out/>
  <testcase classname="OOPS.ChildClass" name="testRun" time="0.008"/>
  <system-out/>
</testsuite> <!-- OOPS.ChildClass -->
