<?xml version="1.0" encoding="UTF-8"?>
<!-- Generated by org.testng.reporters.JUnitReportReporter -->
<testsuite hostname="Yeshwanth-Kuruvilla" failures="0" tests="3" name="TestNG.personalLoan" time="0.012" errors="0" timestamp="2025-01-24T15:13:48 IST" skipped="0">
  <testcase classname="TestNG.personalLoan" name="personalLoanAPILogin" time="0.009"/>
  <system-out/>
  <testcase classname="TestNG.personalLoan" name="personalLoanMobileLogin" time="0.002"/>
  <system-out/>
  <testcase classname="TestNG.personalLoan" name="personalLoanwebLogin" time="0.001"/>
  <system-out/>
</testsuite> <!-- TestNG.personalLoan -->
