<?xml version="1.0" encoding="UTF-8"?>
<!-- Generated by org.testng.reporters.JUnitReportReporter -->
<testsuite hostname="QualianPC" failures="0" tests="1" name="Demo.Testing$TestNGTesting" time="0.009" errors="0" timestamp="2025-01-22T14:48:15 IST" skipped="0">
  <testcase classname="Demo.Testing$TestNGTesting" name="demo" time="0.009"/>
  <system-out/>
</testsuite> <!-- Demo.Testing$TestNGTesting -->
