<?xml version="1.0" encoding="UTF-8"?>
<!-- Generated by org.testng.reporters.JUnitReportReporter -->
<testsuite hostname="QualianPC" failures="0" tests="1" name="Demo.Testing" time="0.003" errors="0" timestamp="2025-01-22T15:52:37 IST" skipped="0">
  <testcase classname="Demo.Testing" name="demo" time="0.003"/>
  <system-out/>
</testsuite> <!-- Demo.Testing -->
