<?xml version="1.0" encoding="UTF-8"?>
<!-- Generated by org.testng.reporters.JUnitReportReporter -->
<testsuite hostname="QualianPC" failures="0" tests="2" name="TestNG.Demo" time="0.002" errors="0" timestamp="2025-01-23T11:30:14 IST" skipped="0">
  <testcase classname="TestNG.Demo" name="Day1" time="0.001"/>
  <system-out/>
  <testcase classname="TestNG.Demo" name="Day2" time="0.001"/>
  <system-out/>
</testsuite> <!-- TestNG.Demo -->
