<?xml version="1.0" encoding="UTF-8"?>
<!-- Generated by org.testng.reporters.JUnitReportReporter -->
<testsuite hostname="QualianPC" failures="0" tests="3" name="TestNG.CarLoan" time="0.013" errors="0" timestamp="2025-01-23T12:28:12 IST" skipped="0">
  <testcase classname="TestNG.CarLoan" name="carLoanwebLogin" time="0.003"/>
  <system-out/>
  <testcase classname="TestNG.CarLoan" name="carLoanAPILogin" time="0.008"/>
  <system-out/>
  <testcase classname="TestNG.CarLoan" name="carLoanMobileLogin" time="0.002"/>
  <system-out/>
</testsuite> <!-- TestNG.CarLoan -->
